C:\USERS\YOANN\DESKTOP\SA-MP SERVER\PLUGINS\DEBUG\AMXPLUGIN.OBJ
C:\USERS\YOANN\DESKTOP\SA-MP SERVER\PLUGINS\DEBUG\BITSTREAM.OBJ
C:\Users\Yoann\Desktop\SA-MP Server\plugins\Debug\cl.command.1.tlog
C:\Users\Yoann\Desktop\SA-MP Server\plugins\Debug\CL.read.1.tlog
C:\Users\Yoann\Desktop\SA-MP Server\plugins\Debug\CL.write.1.tlog
C:\USERS\YOANN\DESKTOP\SA-MP SERVER\PLUGINS\DEBUG\CLASS_GANGZONEPOOL.OBJ
C:\USERS\YOANN\DESKTOP\SA-MP SERVER\PLUGINS\DEBUG\CLASS_PICKUPPOOL.OBJ
C:\USERS\YOANN\DESKTOP\SA-MP SERVER\PLUGINS\DEBUG\FUNC_AMX.OBJ
C:\USERS\YOANN\DESKTOP\SA-MP SERVER\PLUGINS\DEBUG\GETCH.OBJ
C:\USERS\YOANN\DESKTOP\SA-MP SERVER\PLUGINS\DEBUG\HELLOWORLD.DLL.EMBED.MANIFEST
C:\USERS\YOANN\DESKTOP\SA-MP SERVER\PLUGINS\DEBUG\HELLOWORLD.DLL.EMBED.MANIFEST.RES
C:\USERS\YOANN\DESKTOP\SA-MP SERVER\PLUGINS\DEBUG\HELLOWORLD.DLL.INTERMEDIATE.MANIFEST
C:\Users\Yoann\Desktop\SA-MP Server\plugins\Debug\HelloWorld.exp
C:\Users\Yoann\Desktop\SA-MP Server\plugins\Debug\HelloWorld.lib
C:\USERS\YOANN\DESKTOP\SA-MP SERVER\PLUGINS\DEBUG\HELLOWORLD.PDB
C:\Users\Yoann\Desktop\SA-MP Server\plugins\Debug\HelloWorld.write.1.tlog
C:\Users\Yoann\Desktop\SA-MP Server\plugins\Debug\HelloWorld_manifest.rc
C:\Users\Yoann\Desktop\SA-MP Server\plugins\Debug\link.4204.read.1.tlog
C:\Users\Yoann\Desktop\SA-MP Server\plugins\Debug\link.4204.write.1.tlog
C:\Users\Yoann\Desktop\SA-MP Server\plugins\Debug\link.4204-cvtres.read.1.tlog
C:\Users\Yoann\Desktop\SA-MP Server\plugins\Debug\link.4204-cvtres.write.1.tlog
C:\Users\Yoann\Desktop\SA-MP Server\plugins\Debug\link.command.1.tlog
C:\Users\Yoann\Desktop\SA-MP Server\plugins\Debug\link.read.1.tlog
C:\Users\Yoann\Desktop\SA-MP Server\plugins\Debug\link.write.1.tlog
C:\Users\Yoann\Desktop\SA-MP Server\plugins\Debug\link-cvtres.read.1.tlog
C:\Users\Yoann\Desktop\SA-MP Server\plugins\Debug\link-cvtres.write.1.tlog
C:\USERS\YOANN\DESKTOP\SA-MP SERVER\PLUGINS\DEBUG\MAIN.OBJ
C:\Users\Yoann\Desktop\SA-MP Server\plugins\Debug\mt.command.1.tlog
C:\Users\Yoann\Desktop\SA-MP Server\plugins\Debug\mt.read.1.tlog
C:\Users\Yoann\Desktop\SA-MP Server\plugins\Debug\mt.write.1.tlog
C:\Users\Yoann\Desktop\SA-MP Server\plugins\Debug\rc.command.1.tlog
C:\Users\Yoann\Desktop\SA-MP Server\plugins\Debug\rc.read.1.tlog
C:\Users\Yoann\Desktop\SA-MP Server\plugins\Debug\rc.write.1.tlog
C:\Users\Yoann\Desktop\SA-MP Server\plugins\Debug\vc100.idb
C:\USERS\YOANN\DESKTOP\SA-MP SERVER\PLUGINS\DEBUG\VC100.PDB
C:\USERS\YOANN\DESKTOP\SA-MP SERVER\PLUGINS\PLUGIN.DLL
C:\USERS\YOANN\DESKTOP\SA-MP SERVER\PLUGINS\PLUGIN.ILK
